
> parking_dashboard@0.1.0 start
> react-app-rewired start

Something is already running on port 3000.

> parking_dashboard@0.1.0 start
> react-app-rewired start

Something is already running on port 32212.

> parking_dashboard@0.1.0 start
> react-app-rewired start

Something is already running on port 32212.

> parking_dashboard@0.1.0 start
> react-app-rewired start

(node:1659180) [DEP_WEBPACK_DEV_SERVER_ON_AFTER_SETUP_MIDDLEWARE] DeprecationWarning: 'onAfterSetupMiddleware' option is deprecated. Please use the 'setupMiddlewares' option.
(Use `node --trace-deprecation ...` to show where the warning was created)
(node:1659180) [DEP_WEBPACK_DEV_SERVER_ON_BEFORE_SETUP_MIDDLEWARE] DeprecationWarning: 'onBeforeSetupMiddleware' option is deprecated. Please use the 'setupMiddlewares' option.
Starting the development server...


> parking_dashboard@0.1.0 start
> react-app-rewired start --port 32212 --host 0.0.0.0

Something is already running on port 3000.

> parking_dashboard@0.1.0 start
> react-app-rewired start 0.0.0.0

Something is already running on port 3000.
